<?xml version="1.0" encoding="UTF-8"?>
<!-- Generated by org.testng.reporters.JUnitReportReporter -->
<testsuite hostname="DESKTOP-BN58NSU" failures="0" tests="1" name="practice.airline" time="7.753" errors="0" timestamp="11 Dec 2022 07:33:31 GMT">
  <testcase classname="practice.airline" name="getallpassengerlist" time="7.753"/>
</testsuite> <!-- practice.airline -->
