<?xml version="1.0" encoding="UTF-8"?>
<!-- Generated by org.testng.reporters.JUnitReportReporter -->
<testsuite hostname="DESKTOP-BN58NSU" failures="0" tests="1" name="mjsexecutor.demoe" time="5.170" errors="0" timestamp="13 Nov 2022 14:48:16 GMT">
  <testcase classname="mjsexecutor.demoe" name="test1" time="5.170"/>
</testsuite> <!-- mjsexecutor.demoe -->
