<?xml version="1.0" encoding="UTF-8"?>
<!-- Generated by org.testng.reporters.JUnitReportReporter -->
<testsuite hostname="DESKTOP-BN58NSU" failures="0" tests="1" name="mjsexecutor.demo1test" time="10.323" errors="0" timestamp="21 Nov 2022 14:49:06 GMT">
  <testcase classname="mjsexecutor.demo1test" name="test2" time="10.323"/>
</testsuite> <!-- mjsexecutor.demo1test -->
