<?xml version="1.0" encoding="UTF-8"?>
<!-- Generated by org.testng.reporters.JUnitReportReporter -->
<testsuite hostname="DESKTOP-BN58NSU" failures="0" tests="1" name="demo.demos" time="31.987" errors="0" timestamp="6 Dec 2022 04:07:57 GMT">
  <testcase classname="demo.demos" name="te" time="31.987"/>
</testsuite> <!-- demo.demos -->
