<?xml version="1.0" encoding="UTF-8"?>
<!-- Generated by org.testng.reporters.JUnitReportReporter -->
<testsuite hostname="DESKTOP-BN58NSU" failures="0" tests="1" name="frames.nestedframes" time="1.294" errors="0" timestamp="14 Nov 2022 05:32:13 GMT">
  <testcase classname="frames.nestedframes" name="test2" time="1.294"/>
</testsuite> <!-- frames.nestedframes -->
