<?xml version="1.0" encoding="UTF-8"?>
<!-- Generated by org.testng.reporters.JUnitReportReporter -->
<testsuite hostname="DESKTOP-BN58NSU" failures="0" tests="1" name="demo.calender" time="23.718" errors="0" timestamp="19 Nov 2022 14:21:43 GMT">
  <testcase classname="demo.calender" name="test1" time="23.718"/>
</testsuite> <!-- demo.calender -->
