<?xml version="1.0" encoding="UTF-8"?>
<!-- Generated by org.testng.reporters.JUnitReportReporter -->
<testsuite hostname="DESKTOP-BN58NSU" failures="0" tests="3" name="demo.task2" time="317.718" errors="0" timestamp="18 Nov 2022 04:15:56 GMT">
  <testcase classname="demo.task2" name="test3" time="139.302"/>
  <testcase classname="demo.task2" name="test6" time="77.483"/>
  <testcase classname="demo.task2" name="test2" time="100.933"/>
</testsuite> <!-- demo.task2 -->
