<?xml version="1.0" encoding="UTF-8"?>
<!-- Generated by org.testng.reporters.JUnitReportReporter -->
<testsuite hostname="DESKTOP-BN58NSU" failures="0" tests="3" name="demo.task" time="153.954" errors="0" timestamp="17 Nov 2022 14:11:28 GMT">
  <testcase classname="demo.task" name="test2" time="42.071"/>
  <testcase classname="demo.task" name="test3" time="63.631"/>
  <testcase classname="demo.task" name="test6" time="48.252"/>
</testsuite> <!-- demo.task -->
