<?xml version="1.0" encoding="UTF-8"?>
<!-- Generated by org.testng.reporters.JUnitReportReporter -->
<testsuite hostname="DESKTOP-BN58NSU" failures="0" tests="2" name="testngdemo.groups" time="0.116" errors="0" timestamp="13 Nov 2022 14:17:04 GMT">
  <testcase classname="testngdemo.groups" name="tc4" time="0.007"/>
  <testcase classname="testngdemo.groups" name="tc2" time="0.109"/>
</testsuite> <!-- testngdemo.groups -->
