<?xml version="1.0" encoding="UTF-8"?>
<!-- Generated by org.testng.reporters.JUnitReportReporter -->
<testsuite hostname="DESKTOP-BN58NSU" failures="0" tests="1" name="demo.ExtentReport2" time="4.894" errors="0" timestamp="13 Nov 2022 16:25:51 GMT">
  <testcase classname="demo.ExtentReport2" name="Testcase1" time="4.894"/>
</testsuite> <!-- demo.ExtentReport2 -->
