<?xml version="1.0" encoding="UTF-8"?>
<!-- Generated by org.testng.reporters.JUnitReportReporter -->
<testsuite hostname="DESKTOP-BN58NSU" failures="0" tests="9" name="Categories.category" time="163.225" errors="0" timestamp="28 Nov 2022 09:32:10 GMT">
  <testcase classname="Categories.category" name="testcase4" time="20.041"/>
  <testcase classname="Categories.category" name="testcase8" time="6.425"/>
  <testcase classname="Categories.category" name="testcase1" time="0.338"/>
  <testcase classname="Categories.category" name="testcase7" time="6.048"/>
  <testcase classname="Categories.category" name="testcase2" time="12.367"/>
  <testcase classname="Categories.category" name="testcase5" time="11.023"/>
  <testcase classname="Categories.category" name="testcase6" time="13.013"/>
  <testcase classname="Categories.category" name="testcase3" time="56.969"/>
  <testcase classname="Categories.category" name="testcase9" time="37.001"/>
</testsuite> <!-- Categories.category -->
