<?xml version="1.0" encoding="UTF-8"?>
<!-- Generated by org.testng.reporters.JUnitReportReporter -->
<testsuite hostname="DESKTOP-BN58NSU" failures="0" tests="1" name="Categories.Homepage" time="3.854" errors="0" timestamp="1 Nov 2022 16:39:42 GMT">
  <testcase classname="Categories.Homepage" name="testcase1" time="3.854"/>
</testsuite> <!-- Categories.Homepage -->
